2019-12-10 00:27:31.232  INFO 2036 --- [restartedMain] com.next.demo.film.NextFilmApplication   : Starting NextFilmApplication on Clearlove with PID 2036 (H:\workSpaceIdea\next_film\target\classes started by Clearlove in H:\workSpaceIdea\next_film)
2019-12-10 00:27:31.246 DEBUG 2036 --- [restartedMain] com.next.demo.film.NextFilmApplication   : Running with Spring Boot v2.1.3.RELEASE, Spring v5.1.5.RELEASE
2019-12-10 00:27:31.248  INFO 2036 --- [restartedMain] com.next.demo.film.NextFilmApplication   : No active profile set, falling back to default profiles: default
2019-12-10 00:27:31.326  INFO 2036 --- [restartedMain] .e.DevToolsPropertyDefaultsPostProcessor : Devtools property defaults active! Set 'spring.devtools.add-properties' to 'false' to disable
2019-12-10 00:27:31.327  INFO 2036 --- [restartedMain] .e.DevToolsPropertyDefaultsPostProcessor : For additional web related logging consider setting the 'logging.level.web' property to 'DEBUG'
2019-12-10 00:27:33.324  INFO 2036 --- [restartedMain] trationDelegate$BeanPostProcessorChecker : Bean 'org.springframework.transaction.annotation.ProxyTransactionManagementConfiguration' of type [org.springframework.transaction.annotation.ProxyTransactionManagementConfiguration$$EnhancerBySpringCGLIB$$d4178f8a] is not eligible for getting processed by all BeanPostProcessors (for example: not eligible for auto-proxying)
2019-12-10 00:27:33.782  INFO 2036 --- [restartedMain] o.s.b.w.embedded.tomcat.TomcatWebServer  : Tomcat initialized with port(s): 8090 (http)
2019-12-10 00:27:33.807  INFO 2036 --- [restartedMain] o.apache.catalina.core.StandardService   : Starting service [Tomcat]
2019-12-10 00:27:33.807  INFO 2036 --- [restartedMain] org.apache.catalina.core.StandardEngine  : Starting Servlet engine: [Apache Tomcat/9.0.16]
2019-12-10 00:27:33.814  INFO 2036 --- [restartedMain] o.a.catalina.core.AprLifecycleListener   : The APR based Apache Tomcat Native library which allows optimal performance in production environments was not found on the java.library.path: [H:\java1.8\bin;C:\WINDOWS\Sun\Java\bin;C:\WINDOWS\system32;C:\WINDOWS;C:\Program Files (x86)\Common Files\NetSarang;C:\Program Files\Docker\Docker\Resources\bin;H:\Oracle\product\11.2.0\dbhome_1\bin;C:\ProgramData\Oracle\Java\javapath;C:\WINDOWS\system32;C:\WINDOWS;C:\WINDOWS\System32\Wbem;C:\WINDOWS\System32\WindowsPowerShell\v1.0\;H:\java1.8\bin;H:\java1.8\jre\bin;D:\SVN\bin;%M2_HOME%\bin;C:\WINDOWS\System32\OpenSSH\;H:\Git\cmd;H:\TortoiseGit\bin;C:\Users\Clearlove\AppData\Local\Microsoft\WindowsApps;H:\Docker Toolbox;H:\Microsoft VS Code\bin;H:\IntelliJ IDEA Community Edition 2019.1.2\bin;;H:\apache-maven-3.6.0\bin;H:\mysql-5.7.25-winx64\bin;;.]
2019-12-10 00:27:33.932  INFO 2036 --- [restartedMain] o.a.c.c.C.[Tomcat].[localhost].[/]       : Initializing Spring embedded WebApplicationContext
2019-12-10 00:27:33.932  INFO 2036 --- [restartedMain] o.s.web.context.ContextLoader            : Root WebApplicationContext: initialization completed in 2605 ms
2019-12-10 00:27:34.434  INFO 2036 --- [restartedMain] com.alibaba.druid.pool.DruidDataSource   : {dataSource-1} inited
2019-12-10 00:27:34.895  WARN 2036 --- [restartedMain] c.b.m.core.toolkit.TableInfoHelper       : Warn: Could not find @TableId in Class: com.next.demo.film.dao.entity.FilmOrderT.
2019-12-10 00:27:35.035 DEBUG 2036 --- [restartedMain] c.n.d.f.c.common.filter.AuthFilter       : Filter 'jwtAuthenticationTokenFilter' configured for use
2019-12-10 00:27:35.525  INFO 2036 --- [restartedMain] pertySourcedRequestMappingHandlerMapping : Mapped URL path [/v2/api-docs] onto method [public org.springframework.http.ResponseEntity<springfox.documentation.spring.web.json.Json> springfox.documentation.swagger2.web.Swagger2Controller.getDocumentation(java.lang.String,javax.servlet.http.HttpServletRequest)]
2019-12-10 00:27:35.643  INFO 2036 --- [restartedMain] o.s.s.concurrent.ThreadPoolTaskExecutor  : Initializing ExecutorService 'applicationTaskExecutor'
2019-12-10 00:27:35.698  INFO 2036 --- [restartedMain] o.s.b.d.a.OptionalLiveReloadServer       : LiveReload server is running on port 35729
2019-12-10 00:27:36.028  INFO 2036 --- [restartedMain] d.s.w.p.DocumentationPluginsBootstrapper : Context refreshed
2019-12-10 00:27:36.048  INFO 2036 --- [restartedMain] d.s.w.p.DocumentationPluginsBootstrapper : Found 1 custom documentation plugin(s)
2019-12-10 00:27:36.080  INFO 2036 --- [restartedMain] s.d.s.w.s.ApiListingReferenceScanner     : Scanning for api listing references
2019-12-10 00:27:36.269  INFO 2036 --- [restartedMain] .d.s.w.r.o.CachingOperationNameGenerator : Generating unique operation named: checkUserUsingPOST_1
2019-12-10 00:27:36.270  INFO 2036 --- [restartedMain] .d.s.w.r.o.CachingOperationNameGenerator : Generating unique operation named: describeUserInfoUsingGET_1
2019-12-10 00:27:36.272  INFO 2036 --- [restartedMain] .d.s.w.r.o.CachingOperationNameGenerator : Generating unique operation named: logoutUsingPOST_1
2019-12-10 00:27:36.273  INFO 2036 --- [restartedMain] .d.s.w.r.o.CachingOperationNameGenerator : Generating unique operation named: registerUsingPOST_1
2019-12-10 00:27:36.275  INFO 2036 --- [restartedMain] .d.s.w.r.o.CachingOperationNameGenerator : Generating unique operation named: updateUserInfoUsingPOST_1
2019-12-10 00:27:36.322  INFO 2036 --- [restartedMain] o.s.b.w.embedded.tomcat.TomcatWebServer  : Tomcat started on port(s): 8090 (http) with context path ''
2019-12-10 00:27:36.326  INFO 2036 --- [restartedMain] com.next.demo.film.NextFilmApplication   : Started NextFilmApplication in 5.936 seconds (JVM running for 6.922)
2019-12-10 00:30:55.126  INFO 4996 --- [restartedMain] com.next.demo.film.NextFilmApplication   : Starting NextFilmApplication on Clearlove with PID 4996 (H:\workSpaceIdea\next_film\target\classes started by Clearlove in H:\workSpaceIdea\next_film)
2019-12-10 00:30:55.129 DEBUG 4996 --- [restartedMain] com.next.demo.film.NextFilmApplication   : Running with Spring Boot v2.1.3.RELEASE, Spring v5.1.5.RELEASE
2019-12-10 00:30:55.130  INFO 4996 --- [restartedMain] com.next.demo.film.NextFilmApplication   : The following profiles are active: dev
2019-12-10 00:30:55.220  INFO 4996 --- [restartedMain] .e.DevToolsPropertyDefaultsPostProcessor : Devtools property defaults active! Set 'spring.devtools.add-properties' to 'false' to disable
2019-12-10 00:30:55.220  INFO 4996 --- [restartedMain] .e.DevToolsPropertyDefaultsPostProcessor : For additional web related logging consider setting the 'logging.level.web' property to 'DEBUG'
2019-12-10 00:30:56.941  INFO 4996 --- [restartedMain] trationDelegate$BeanPostProcessorChecker : Bean 'org.springframework.transaction.annotation.ProxyTransactionManagementConfiguration' of type [org.springframework.transaction.annotation.ProxyTransactionManagementConfiguration$$EnhancerBySpringCGLIB$$31370356] is not eligible for getting processed by all BeanPostProcessors (for example: not eligible for auto-proxying)
2019-12-10 00:30:57.335  INFO 4996 --- [restartedMain] o.s.b.w.embedded.tomcat.TomcatWebServer  : Tomcat initialized with port(s): 8080 (http)
2019-12-10 00:30:57.356  INFO 4996 --- [restartedMain] o.apache.catalina.core.StandardService   : Starting service [Tomcat]
2019-12-10 00:30:57.356  INFO 4996 --- [restartedMain] org.apache.catalina.core.StandardEngine  : Starting Servlet engine: [Apache Tomcat/9.0.16]
2019-12-10 00:30:57.363  INFO 4996 --- [restartedMain] o.a.catalina.core.AprLifecycleListener   : The APR based Apache Tomcat Native library which allows optimal performance in production environments was not found on the java.library.path: [H:\java1.8\bin;C:\WINDOWS\Sun\Java\bin;C:\WINDOWS\system32;C:\WINDOWS;C:\Program Files (x86)\Common Files\NetSarang;C:\Program Files\Docker\Docker\Resources\bin;H:\Oracle\product\11.2.0\dbhome_1\bin;C:\ProgramData\Oracle\Java\javapath;C:\WINDOWS\system32;C:\WINDOWS;C:\WINDOWS\System32\Wbem;C:\WINDOWS\System32\WindowsPowerShell\v1.0\;H:\java1.8\bin;H:\java1.8\jre\bin;D:\SVN\bin;%M2_HOME%\bin;C:\WINDOWS\System32\OpenSSH\;H:\Git\cmd;H:\TortoiseGit\bin;C:\Users\Clearlove\AppData\Local\Microsoft\WindowsApps;H:\Docker Toolbox;H:\Microsoft VS Code\bin;H:\IntelliJ IDEA Community Edition 2019.1.2\bin;;H:\apache-maven-3.6.0\bin;H:\mysql-5.7.25-winx64\bin;;.]
2019-12-10 00:30:57.475  INFO 4996 --- [restartedMain] o.a.c.c.C.[Tomcat].[localhost].[/]       : Initializing Spring embedded WebApplicationContext
2019-12-10 00:30:57.475  INFO 4996 --- [restartedMain] o.s.web.context.ContextLoader            : Root WebApplicationContext: initialization completed in 2255 ms
2019-12-10 00:30:57.976  INFO 4996 --- [restartedMain] com.alibaba.druid.pool.DruidDataSource   : {dataSource-1} inited
2019-12-10 00:30:58.394  WARN 4996 --- [restartedMain] c.b.m.core.toolkit.TableInfoHelper       : Warn: Could not find @TableId in Class: com.next.demo.film.dao.entity.FilmOrderT.
2019-12-10 00:30:58.545 DEBUG 4996 --- [restartedMain] c.n.d.f.c.common.filter.AuthFilter       : Filter 'jwtAuthenticationTokenFilter' configured for use
2019-12-10 00:30:58.989  INFO 4996 --- [restartedMain] pertySourcedRequestMappingHandlerMapping : Mapped URL path [/v2/api-docs] onto method [public org.springframework.http.ResponseEntity<springfox.documentation.spring.web.json.Json> springfox.documentation.swagger2.web.Swagger2Controller.getDocumentation(java.lang.String,javax.servlet.http.HttpServletRequest)]
2019-12-10 00:30:59.107  INFO 4996 --- [restartedMain] o.s.s.concurrent.ThreadPoolTaskExecutor  : Initializing ExecutorService 'applicationTaskExecutor'
2019-12-10 00:30:59.153  INFO 4996 --- [restartedMain] o.s.b.d.a.OptionalLiveReloadServer       : LiveReload server is running on port 35729
2019-12-10 00:30:59.449  INFO 4996 --- [restartedMain] d.s.w.p.DocumentationPluginsBootstrapper : Context refreshed
2019-12-10 00:30:59.465  INFO 4996 --- [restartedMain] d.s.w.p.DocumentationPluginsBootstrapper : Found 1 custom documentation plugin(s)
2019-12-10 00:30:59.496  INFO 4996 --- [restartedMain] s.d.s.w.s.ApiListingReferenceScanner     : Scanning for api listing references
2019-12-10 00:30:59.664  INFO 4996 --- [restartedMain] .d.s.w.r.o.CachingOperationNameGenerator : Generating unique operation named: checkUserUsingPOST_1
2019-12-10 00:30:59.665  INFO 4996 --- [restartedMain] .d.s.w.r.o.CachingOperationNameGenerator : Generating unique operation named: describeUserInfoUsingGET_1
2019-12-10 00:30:59.666  INFO 4996 --- [restartedMain] .d.s.w.r.o.CachingOperationNameGenerator : Generating unique operation named: logoutUsingPOST_1
2019-12-10 00:30:59.668  INFO 4996 --- [restartedMain] .d.s.w.r.o.CachingOperationNameGenerator : Generating unique operation named: registerUsingPOST_1
2019-12-10 00:30:59.669  INFO 4996 --- [restartedMain] .d.s.w.r.o.CachingOperationNameGenerator : Generating unique operation named: updateUserInfoUsingPOST_1
2019-12-10 00:30:59.711  INFO 4996 --- [restartedMain] o.s.b.w.embedded.tomcat.TomcatWebServer  : Tomcat started on port(s): 8080 (http) with context path ''
2019-12-10 00:30:59.714  INFO 4996 --- [restartedMain] com.next.demo.film.NextFilmApplication   : Started NextFilmApplication in 5.381 seconds (JVM running for 6.333)
2019-12-10 00:33:18.321  INFO 7788 --- [restartedMain] com.next.demo.film.NextFilmApplication   : Starting NextFilmApplication on Clearlove with PID 7788 (H:\workSpaceIdea\next_film\target\classes started by Clearlove in H:\workSpaceIdea\next_film)
2019-12-10 00:33:18.324 DEBUG 7788 --- [restartedMain] com.next.demo.film.NextFilmApplication   : Running with Spring Boot v2.1.3.RELEASE, Spring v5.1.5.RELEASE
2019-12-10 00:33:18.324  INFO 7788 --- [restartedMain] com.next.demo.film.NextFilmApplication   : The following profiles are active: dev
2019-12-10 00:33:18.371  INFO 7788 --- [restartedMain] .e.DevToolsPropertyDefaultsPostProcessor : Devtools property defaults active! Set 'spring.devtools.add-properties' to 'false' to disable
2019-12-10 00:33:18.372  INFO 7788 --- [restartedMain] .e.DevToolsPropertyDefaultsPostProcessor : For additional web related logging consider setting the 'logging.level.web' property to 'DEBUG'
2019-12-10 00:33:19.719  INFO 7788 --- [restartedMain] trationDelegate$BeanPostProcessorChecker : Bean 'org.springframework.transaction.annotation.ProxyTransactionManagementConfiguration' of type [org.springframework.transaction.annotation.ProxyTransactionManagementConfiguration$$EnhancerBySpringCGLIB$$3bf0a06c] is not eligible for getting processed by all BeanPostProcessors (for example: not eligible for auto-proxying)
2019-12-10 00:33:20.078  INFO 7788 --- [restartedMain] o.s.b.w.embedded.tomcat.TomcatWebServer  : Tomcat initialized with port(s): 8080 (http)
2019-12-10 00:33:20.099  INFO 7788 --- [restartedMain] o.apache.catalina.core.StandardService   : Starting service [Tomcat]
2019-12-10 00:33:20.100  INFO 7788 --- [restartedMain] org.apache.catalina.core.StandardEngine  : Starting Servlet engine: [Apache Tomcat/9.0.16]
2019-12-10 00:33:20.106  INFO 7788 --- [restartedMain] o.a.catalina.core.AprLifecycleListener   : The APR based Apache Tomcat Native library which allows optimal performance in production environments was not found on the java.library.path: [H:\java1.8\bin;C:\WINDOWS\Sun\Java\bin;C:\WINDOWS\system32;C:\WINDOWS;C:\Program Files (x86)\Common Files\NetSarang;C:\Program Files\Docker\Docker\Resources\bin;H:\Oracle\product\11.2.0\dbhome_1\bin;C:\ProgramData\Oracle\Java\javapath;C:\WINDOWS\system32;C:\WINDOWS;C:\WINDOWS\System32\Wbem;C:\WINDOWS\System32\WindowsPowerShell\v1.0\;H:\java1.8\bin;H:\java1.8\jre\bin;D:\SVN\bin;%M2_HOME%\bin;C:\WINDOWS\System32\OpenSSH\;H:\Git\cmd;H:\TortoiseGit\bin;C:\Users\Clearlove\AppData\Local\Microsoft\WindowsApps;H:\Docker Toolbox;H:\Microsoft VS Code\bin;H:\IntelliJ IDEA Community Edition 2019.1.2\bin;;H:\apache-maven-3.6.0\bin;H:\mysql-5.7.25-winx64\bin;;.]
2019-12-10 00:33:20.217  INFO 7788 --- [restartedMain] o.a.c.c.C.[Tomcat].[localhost].[/]       : Initializing Spring embedded WebApplicationContext
2019-12-10 00:33:20.217  INFO 7788 --- [restartedMain] o.s.web.context.ContextLoader            : Root WebApplicationContext: initialization completed in 1845 ms
2019-12-10 00:33:20.690  INFO 7788 --- [restartedMain] com.alibaba.druid.pool.DruidDataSource   : {dataSource-1} inited
2019-12-10 00:33:21.076  WARN 7788 --- [restartedMain] c.b.m.core.toolkit.TableInfoHelper       : Warn: Could not find @TableId in Class: com.next.demo.film.dao.entity.FilmOrderT.
2019-12-10 00:33:21.222 DEBUG 7788 --- [restartedMain] c.n.d.f.c.common.filter.AuthFilter       : Filter 'jwtAuthenticationTokenFilter' configured for use
2019-12-10 00:33:21.664  INFO 7788 --- [restartedMain] pertySourcedRequestMappingHandlerMapping : Mapped URL path [/v2/api-docs] onto method [public org.springframework.http.ResponseEntity<springfox.documentation.spring.web.json.Json> springfox.documentation.swagger2.web.Swagger2Controller.getDocumentation(java.lang.String,javax.servlet.http.HttpServletRequest)]
2019-12-10 00:33:21.776  INFO 7788 --- [restartedMain] o.s.s.concurrent.ThreadPoolTaskExecutor  : Initializing ExecutorService 'applicationTaskExecutor'
2019-12-10 00:33:21.820  INFO 7788 --- [restartedMain] o.s.b.d.a.OptionalLiveReloadServer       : LiveReload server is running on port 35729
2019-12-10 00:33:22.102  INFO 7788 --- [restartedMain] d.s.w.p.DocumentationPluginsBootstrapper : Context refreshed
2019-12-10 00:33:22.118  INFO 7788 --- [restartedMain] d.s.w.p.DocumentationPluginsBootstrapper : Found 1 custom documentation plugin(s)
2019-12-10 00:33:22.148  INFO 7788 --- [restartedMain] s.d.s.w.s.ApiListingReferenceScanner     : Scanning for api listing references
2019-12-10 00:33:22.308  INFO 7788 --- [restartedMain] .d.s.w.r.o.CachingOperationNameGenerator : Generating unique operation named: checkUserUsingPOST_1
2019-12-10 00:33:22.309  INFO 7788 --- [restartedMain] .d.s.w.r.o.CachingOperationNameGenerator : Generating unique operation named: describeUserInfoUsingGET_1
2019-12-10 00:33:22.310  INFO 7788 --- [restartedMain] .d.s.w.r.o.CachingOperationNameGenerator : Generating unique operation named: logoutUsingPOST_1
2019-12-10 00:33:22.312  INFO 7788 --- [restartedMain] .d.s.w.r.o.CachingOperationNameGenerator : Generating unique operation named: registerUsingPOST_1
2019-12-10 00:33:22.313  INFO 7788 --- [restartedMain] .d.s.w.r.o.CachingOperationNameGenerator : Generating unique operation named: updateUserInfoUsingPOST_1
2019-12-10 00:33:22.355  INFO 7788 --- [restartedMain] o.s.b.w.embedded.tomcat.TomcatWebServer  : Tomcat started on port(s): 8080 (http) with context path ''
2019-12-10 00:33:22.358  INFO 7788 --- [restartedMain] com.next.demo.film.NextFilmApplication   : Started NextFilmApplication in 4.5 seconds (JVM running for 5.24)
2019-12-10 00:34:04.621  INFO 3764 --- [restartedMain] com.next.demo.film.NextFilmApplication   : Starting NextFilmApplication on Clearlove with PID 3764 (H:\workSpaceIdea\next_film\target\classes started by Clearlove in H:\workSpaceIdea\next_film)
2019-12-10 00:34:04.624 DEBUG 3764 --- [restartedMain] com.next.demo.film.NextFilmApplication   : Running with Spring Boot v2.1.3.RELEASE, Spring v5.1.5.RELEASE
2019-12-10 00:34:04.624  INFO 3764 --- [restartedMain] com.next.demo.film.NextFilmApplication   : The following profiles are active: dev
2019-12-10 00:34:04.677  INFO 3764 --- [restartedMain] .e.DevToolsPropertyDefaultsPostProcessor : Devtools property defaults active! Set 'spring.devtools.add-properties' to 'false' to disable
2019-12-10 00:34:04.678  INFO 3764 --- [restartedMain] .e.DevToolsPropertyDefaultsPostProcessor : For additional web related logging consider setting the 'logging.level.web' property to 'DEBUG'
2019-12-10 00:34:06.033  INFO 3764 --- [restartedMain] trationDelegate$BeanPostProcessorChecker : Bean 'org.springframework.transaction.annotation.ProxyTransactionManagementConfiguration' of type [org.springframework.transaction.annotation.ProxyTransactionManagementConfiguration$$EnhancerBySpringCGLIB$$13936335] is not eligible for getting processed by all BeanPostProcessors (for example: not eligible for auto-proxying)
2019-12-10 00:34:06.396  INFO 3764 --- [restartedMain] o.s.b.w.embedded.tomcat.TomcatWebServer  : Tomcat initialized with port(s): 8080 (http)
2019-12-10 00:34:06.417  INFO 3764 --- [restartedMain] o.apache.catalina.core.StandardService   : Starting service [Tomcat]
2019-12-10 00:34:06.417  INFO 3764 --- [restartedMain] org.apache.catalina.core.StandardEngine  : Starting Servlet engine: [Apache Tomcat/9.0.16]
2019-12-10 00:34:06.423  INFO 3764 --- [restartedMain] o.a.catalina.core.AprLifecycleListener   : The APR based Apache Tomcat Native library which allows optimal performance in production environments was not found on the java.library.path: [H:\java1.8\bin;C:\WINDOWS\Sun\Java\bin;C:\WINDOWS\system32;C:\WINDOWS;C:\Program Files (x86)\Common Files\NetSarang;C:\Program Files\Docker\Docker\Resources\bin;H:\Oracle\product\11.2.0\dbhome_1\bin;C:\ProgramData\Oracle\Java\javapath;C:\WINDOWS\system32;C:\WINDOWS;C:\WINDOWS\System32\Wbem;C:\WINDOWS\System32\WindowsPowerShell\v1.0\;H:\java1.8\bin;H:\java1.8\jre\bin;D:\SVN\bin;%M2_HOME%\bin;C:\WINDOWS\System32\OpenSSH\;H:\Git\cmd;H:\TortoiseGit\bin;C:\Users\Clearlove\AppData\Local\Microsoft\WindowsApps;H:\Docker Toolbox;H:\Microsoft VS Code\bin;H:\IntelliJ IDEA Community Edition 2019.1.2\bin;;H:\apache-maven-3.6.0\bin;H:\mysql-5.7.25-winx64\bin;;.]
2019-12-10 00:34:06.530  INFO 3764 --- [restartedMain] o.a.c.c.C.[Tomcat].[localhost].[/]       : Initializing Spring embedded WebApplicationContext
2019-12-10 00:34:06.531  INFO 3764 --- [restartedMain] o.s.web.context.ContextLoader            : Root WebApplicationContext: initialization completed in 1853 ms
2019-12-10 00:34:06.998  INFO 3764 --- [restartedMain] com.alibaba.druid.pool.DruidDataSource   : {dataSource-1} inited
2019-12-10 00:34:07.389  WARN 3764 --- [restartedMain] c.b.m.core.toolkit.TableInfoHelper       : Warn: Could not find @TableId in Class: com.next.demo.film.dao.entity.FilmOrderT.
2019-12-10 00:34:07.533 DEBUG 3764 --- [restartedMain] c.n.d.f.c.common.filter.AuthFilter       : Filter 'jwtAuthenticationTokenFilter' configured for use
2019-12-10 00:34:07.970  INFO 3764 --- [restartedMain] pertySourcedRequestMappingHandlerMapping : Mapped URL path [/v2/api-docs] onto method [public org.springframework.http.ResponseEntity<springfox.documentation.spring.web.json.Json> springfox.documentation.swagger2.web.Swagger2Controller.getDocumentation(java.lang.String,javax.servlet.http.HttpServletRequest)]
2019-12-10 00:34:08.083  INFO 3764 --- [restartedMain] o.s.s.concurrent.ThreadPoolTaskExecutor  : Initializing ExecutorService 'applicationTaskExecutor'
2019-12-10 00:34:08.128  INFO 3764 --- [restartedMain] o.s.b.d.a.OptionalLiveReloadServer       : LiveReload server is running on port 35729
2019-12-10 00:34:08.418  INFO 3764 --- [restartedMain] d.s.w.p.DocumentationPluginsBootstrapper : Context refreshed
2019-12-10 00:34:08.435  INFO 3764 --- [restartedMain] d.s.w.p.DocumentationPluginsBootstrapper : Found 1 custom documentation plugin(s)
2019-12-10 00:34:08.466  INFO 3764 --- [restartedMain] s.d.s.w.s.ApiListingReferenceScanner     : Scanning for api listing references
2019-12-10 00:34:08.630  INFO 3764 --- [restartedMain] .d.s.w.r.o.CachingOperationNameGenerator : Generating unique operation named: checkUserUsingPOST_1
2019-12-10 00:34:08.631  INFO 3764 --- [restartedMain] .d.s.w.r.o.CachingOperationNameGenerator : Generating unique operation named: describeUserInfoUsingGET_1
2019-12-10 00:34:08.632  INFO 3764 --- [restartedMain] .d.s.w.r.o.CachingOperationNameGenerator : Generating unique operation named: logoutUsingPOST_1
2019-12-10 00:34:08.634  INFO 3764 --- [restartedMain] .d.s.w.r.o.CachingOperationNameGenerator : Generating unique operation named: registerUsingPOST_1
2019-12-10 00:34:08.635  INFO 3764 --- [restartedMain] .d.s.w.r.o.CachingOperationNameGenerator : Generating unique operation named: updateUserInfoUsingPOST_1
2019-12-10 00:34:08.677  INFO 3764 --- [restartedMain] o.s.b.w.embedded.tomcat.TomcatWebServer  : Tomcat started on port(s): 8080 (http) with context path ''
2019-12-10 00:34:08.681  INFO 3764 --- [restartedMain] com.next.demo.film.NextFilmApplication   : Started NextFilmApplication in 4.544 seconds (JVM running for 5.3)
2019-12-10 00:34:20.419  INFO 13952 --- [restartedMain] com.next.demo.film.NextFilmApplication   : Starting NextFilmApplication on Clearlove with PID 13952 (H:\workSpaceIdea\next_film\target\classes started by Clearlove in H:\workSpaceIdea\next_film)
2019-12-10 00:34:20.422 DEBUG 13952 --- [restartedMain] com.next.demo.film.NextFilmApplication   : Running with Spring Boot v2.1.3.RELEASE, Spring v5.1.5.RELEASE
2019-12-10 00:34:20.423  INFO 13952 --- [restartedMain] com.next.demo.film.NextFilmApplication   : The following profiles are active: dev
2019-12-10 00:34:20.465  INFO 13952 --- [restartedMain] .e.DevToolsPropertyDefaultsPostProcessor : Devtools property defaults active! Set 'spring.devtools.add-properties' to 'false' to disable
2019-12-10 00:34:20.465  INFO 13952 --- [restartedMain] .e.DevToolsPropertyDefaultsPostProcessor : For additional web related logging consider setting the 'logging.level.web' property to 'DEBUG'
2019-12-10 00:34:21.843  INFO 13952 --- [restartedMain] trationDelegate$BeanPostProcessorChecker : Bean 'org.springframework.transaction.annotation.ProxyTransactionManagementConfiguration' of type [org.springframework.transaction.annotation.ProxyTransactionManagementConfiguration$$EnhancerBySpringCGLIB$$8e0f665e] is not eligible for getting processed by all BeanPostProcessors (for example: not eligible for auto-proxying)
2019-12-10 00:34:22.203  INFO 13952 --- [restartedMain] o.s.b.w.embedded.tomcat.TomcatWebServer  : Tomcat initialized with port(s): 4396 (http)
2019-12-10 00:34:22.224  INFO 13952 --- [restartedMain] o.apache.catalina.core.StandardService   : Starting service [Tomcat]
2019-12-10 00:34:22.224  INFO 13952 --- [restartedMain] org.apache.catalina.core.StandardEngine  : Starting Servlet engine: [Apache Tomcat/9.0.16]
2019-12-10 00:34:22.230  INFO 13952 --- [restartedMain] o.a.catalina.core.AprLifecycleListener   : The APR based Apache Tomcat Native library which allows optimal performance in production environments was not found on the java.library.path: [H:\java1.8\bin;C:\WINDOWS\Sun\Java\bin;C:\WINDOWS\system32;C:\WINDOWS;C:\Program Files (x86)\Common Files\NetSarang;C:\Program Files\Docker\Docker\Resources\bin;H:\Oracle\product\11.2.0\dbhome_1\bin;C:\ProgramData\Oracle\Java\javapath;C:\WINDOWS\system32;C:\WINDOWS;C:\WINDOWS\System32\Wbem;C:\WINDOWS\System32\WindowsPowerShell\v1.0\;H:\java1.8\bin;H:\java1.8\jre\bin;D:\SVN\bin;%M2_HOME%\bin;C:\WINDOWS\System32\OpenSSH\;H:\Git\cmd;H:\TortoiseGit\bin;C:\Users\Clearlove\AppData\Local\Microsoft\WindowsApps;H:\Docker Toolbox;H:\Microsoft VS Code\bin;H:\IntelliJ IDEA Community Edition 2019.1.2\bin;;H:\apache-maven-3.6.0\bin;H:\mysql-5.7.25-winx64\bin;;.]
2019-12-10 00:34:22.339  INFO 13952 --- [restartedMain] o.a.c.c.C.[Tomcat].[localhost].[/]       : Initializing Spring embedded WebApplicationContext
2019-12-10 00:34:22.339  INFO 13952 --- [restartedMain] o.s.web.context.ContextLoader            : Root WebApplicationContext: initialization completed in 1874 ms
2019-12-10 00:34:22.805  INFO 13952 --- [restartedMain] com.alibaba.druid.pool.DruidDataSource   : {dataSource-1} inited
2019-12-10 00:34:23.192  WARN 13952 --- [restartedMain] c.b.m.core.toolkit.TableInfoHelper       : Warn: Could not find @TableId in Class: com.next.demo.film.dao.entity.FilmOrderT.
2019-12-10 00:34:23.337 DEBUG 13952 --- [restartedMain] c.n.d.f.c.common.filter.AuthFilter       : Filter 'jwtAuthenticationTokenFilter' configured for use
2019-12-10 00:34:23.767  INFO 13952 --- [restartedMain] pertySourcedRequestMappingHandlerMapping : Mapped URL path [/v2/api-docs] onto method [public org.springframework.http.ResponseEntity<springfox.documentation.spring.web.json.Json> springfox.documentation.swagger2.web.Swagger2Controller.getDocumentation(java.lang.String,javax.servlet.http.HttpServletRequest)]
2019-12-10 00:34:23.882  INFO 13952 --- [restartedMain] o.s.s.concurrent.ThreadPoolTaskExecutor  : Initializing ExecutorService 'applicationTaskExecutor'
2019-12-10 00:34:23.926  INFO 13952 --- [restartedMain] o.s.b.d.a.OptionalLiveReloadServer       : LiveReload server is running on port 35729
2019-12-10 00:34:24.215  INFO 13952 --- [restartedMain] d.s.w.p.DocumentationPluginsBootstrapper : Context refreshed
2019-12-10 00:34:24.232  INFO 13952 --- [restartedMain] d.s.w.p.DocumentationPluginsBootstrapper : Found 1 custom documentation plugin(s)
2019-12-10 00:34:24.263  INFO 13952 --- [restartedMain] s.d.s.w.s.ApiListingReferenceScanner     : Scanning for api listing references
2019-12-10 00:34:24.427  INFO 13952 --- [restartedMain] .d.s.w.r.o.CachingOperationNameGenerator : Generating unique operation named: checkUserUsingPOST_1
2019-12-10 00:34:24.429  INFO 13952 --- [restartedMain] .d.s.w.r.o.CachingOperationNameGenerator : Generating unique operation named: describeUserInfoUsingGET_1
2019-12-10 00:34:24.430  INFO 13952 --- [restartedMain] .d.s.w.r.o.CachingOperationNameGenerator : Generating unique operation named: logoutUsingPOST_1
2019-12-10 00:34:24.431  INFO 13952 --- [restartedMain] .d.s.w.r.o.CachingOperationNameGenerator : Generating unique operation named: registerUsingPOST_1
2019-12-10 00:34:24.433  INFO 13952 --- [restartedMain] .d.s.w.r.o.CachingOperationNameGenerator : Generating unique operation named: updateUserInfoUsingPOST_1
2019-12-10 00:34:24.475  INFO 13952 --- [restartedMain] o.s.b.w.embedded.tomcat.TomcatWebServer  : Tomcat started on port(s): 4396 (http) with context path ''
2019-12-10 00:34:24.478  INFO 13952 --- [restartedMain] com.next.demo.film.NextFilmApplication   : Started NextFilmApplication in 4.531 seconds (JVM running for 5.284)
